#
# There is insufficient memory for the Java Runtime Environment to continue.
# Native memory allocation (malloc) failed to allocate 32744 bytes for ChunkPool::allocate
# Possible reasons:
#   The system is out of physical RAM or swap space
#   The process is running with CompressedOops enabled, and the Java Heap may be blocking the growth of the native heap
# Possible solutions:
#   Reduce memory load on the system
#   Increase physical memory or swap space
#   Check if swap backing store is full
#   Decrease Java heap size (-Xmx/-Xms)
#   Decrease number of Java threads
#   Decrease Java thread stack sizes (-Xss)
#   Set larger code cache with -XX:ReservedCodeCacheSize=
#   JVM is running with Unscaled Compressed Oops mode in which the Java heap is
#     placed in the first 4GB address space. The Java Heap base address is the
#     maximum limit for the native heap growth. Please use -XX:HeapBaseMinAddress
#     to set the Java Heap base and to place the Java Heap above 4GB virtual address.
# This output file may be truncated or incomplete.
#
#  Out of Memory Error (allocation.cpp:272), pid=412, tid=0x0000000000001f8c
#
# JRE version: Java(TM) SE Runtime Environment (8.0_241-b07) (build 1.8.0_241-b07)
# Java VM: Java HotSpot(TM) 64-Bit Server VM (25.241-b07 mixed mode windows-amd64 compressed oops)
# Failed to write core dump. Minidumps are not enabled by default on client versions of Windows
#

---------------  T H R E A D  ---------------

Current thread (0x00000000151ea800):  JavaThread "C1 CompilerThread2" daemon [_thread_in_native, id=8076, stack(0x0000000016a40000,0x0000000016b40000)]

Stack: [0x0000000016a40000,0x0000000016b40000]
[error occurred during error reporting (printing stack bounds), id 0xc0000005]

Native frames: (J=compiled Java code, j=interpreted, Vv=VM code, C=native code)


Current CompileTask:
C1: 317079 2000   !   3      
[error occurred during error reporting (printing current compile task), id 0xe0000001]


---------------  P R O C E S S  ---------------

Java Threads: ( => current thread )
  0x0000000017f4e800 JavaThread "TimerQueue" daemon [_thread_blocked, id=3664, stack(0x0000000019ca0000,0x0000000019da0000)]
  0x0000000017c56000 JavaThread "Abandoned connection cleanup thread" daemon [_thread_blocked, id=5864, stack(0x00000000190a0000,0x00000000191a0000)]
  0x0000000000c7d800 JavaThread "DestroyJavaVM" [_thread_blocked, id=740, stack(0x0000000002910000,0x0000000002a10000)]
  0x0000000017bab800 JavaThread "AWT-EventQueue-0" [_thread_blocked, id=4708, stack(0x0000000018360000,0x0000000018460000)]
  0x0000000016f1e800 JavaThread "AWT-Windows" daemon [_thread_in_native, id=1824, stack(0x0000000017480000,0x0000000017580000)]
  0x0000000016f1c000 JavaThread "AWT-Shutdown" [_thread_blocked, id=1484, stack(0x0000000017380000,0x0000000017480000)]
  0x0000000016f1b800 JavaThread "Java2D Disposer" daemon [_thread_blocked, id=7844, stack(0x0000000017280000,0x0000000017380000)]
  0x0000000016b7a800 JavaThread "Service Thread" daemon [_thread_blocked, id=2116, stack(0x0000000016f40000,0x0000000017040000)]
=>0x00000000151ea800 JavaThread "C1 CompilerThread2" daemon [_thread_in_native, id=8076, stack(0x0000000016a40000,0x0000000016b40000)]
  0x00000000151db800 JavaThread "C2 CompilerThread1" daemon [_thread_blocked, id=9388, stack(0x0000000016940000,0x0000000016a40000)]
  0x00000000151d5000 JavaThread "C2 CompilerThread0" daemon [_thread_blocked, id=9632, stack(0x0000000016840000,0x0000000016940000)]
  0x00000000151d4000 JavaThread "Attach Listener" daemon [_thread_blocked, id=3556, stack(0x0000000016740000,0x0000000016840000)]
  0x00000000151d2800 JavaThread "Signal Dispatcher" daemon [_thread_blocked, id=9028, stack(0x0000000016640000,0x0000000016740000)]
  0x0000000002c0c000 JavaThread "Finalizer" daemon [_thread_blocked, id=6128, stack(0x0000000016440000,0x0000000016540000)]
  0x0000000002c03000 JavaThread "Reference Handler" daemon [_thread_blocked, id=3464, stack(0x0000000016340000,0x0000000016440000)]

Other Threads:
  0x0000000015198000 VMThread [stack: 0x0000000016240000,0x0000000016340000] [id=5428]
  0x0000000016b8b000 WatcherThread [stack: 0x0000000017040000,0x0000000017140000] [id=8648]

VM state:not at safepoint (normal execution)

VM Mutex/Monitor currently owned by a thread: None

heap address: 0x00000000c1e00000, size: 994 MB, Compressed Oops mode: 32-bit
Narrow klass base: 0x0000000000000000, Narrow klass shift: 3
Compressed class space size: 1073741824 Address: 0x0000000100000000

Heap:
 PSYoungGen      total 18944K, used 10202K [0x00000000eb500000, 0x00000000eca00000, 0x0000000100000000)
  eden space 16384K, 46% used [0x00000000eb500000,0x00000000ebc7e808,0x00000000ec500000)
  from space 2560K, 98% used [0x00000000ec780000,0x00000000ec9f80c0,0x00000000eca00000)
  to   space 2560K, 0% used [0x00000000ec500000,0x00000000ec500000,0x00000000ec780000)
 ParOldGen       total 44032K, used 4093K [0x00000000c1e00000, 0x00000000c4900000, 0x00000000eb500000)
  object space 44032K, 9% used [0x00000000c1e00000,0x00000000c21ff538,0x00000000c4900000)
 Metaspace       used 16327K, capacity 16548K, committed 16640K, reserved 1064960K
  class space    used 1970K, capacity 2040K, committed 2048K, reserved 1048576K

Card table byte_map: [0x0000000011fd0000,0x00000000121d0000] byte_map_base: 0x00000000119c1000

Marking Bits: (ParMarkBitMap*) 0x000000005963be30
 Begin Bits: [0x0000000012720000, 0x00000000136a8000)
 End Bits:   [0x00000000136a8000, 0x0000000014630000)

Polling page: 0x00000000009f0000

CodeCache: size=245760Kb used=6432Kb max_used=6433Kb free=239327Kb
 bounds [0x0000000002c10000, 0x0000000003260000, 0x0000000011c10000]
 total_blobs=2551 nmethods=1989 adapters=473
 compilation: enabled

Compilation events (10 events):
Event: 317.065 Thread 0x00000000151ea800 nmethod 1995 0x000000000325ad50 code [0x000000000325aea0, 0x000000000325af90]
Event: 317.068 Thread 0x00000000151ea800 1996       3       java.lang.Math::min (45 bytes)
Event: 317.068 Thread 0x00000000151ea800 nmethod 1996 0x000000000325a810 code [0x000000000325a980, 0x000000000325acd0]
Event: 317.068 Thread 0x00000000151ea800 1997       3       java.awt.LinearGradientPaint::createContext (139 bytes)
Event: 317.071 Thread 0x00000000151ea800 nmethod 1997 0x0000000003259d90 code [0x0000000003259f40, 0x000000000325a538]
Event: 317.071 Thread 0x00000000151ea800 1998       3       java.awt.geom.AffineTransform::concatenate (1082 bytes)
Event: 317.072 Thread 0x00000000151ea800 nmethod 1998 0x0000000003258f90 code [0x0000000003259160, 0x0000000003259a78]
Event: 317.072 Thread 0x00000000151ea800 1999       3       java.awt.LinearGradientPaintContext::<init> (158 bytes)
Event: 317.073 Thread 0x00000000151ea800 nmethod 1999 0x0000000003258590 code [0x0000000003258740, 0x0000000003258cc8]
Event: 317.073 Thread 0x00000000151ea800 2000   !   3       java.awt.MultipleGradientPaintContext::<init> (356 bytes)

GC Heap History (4 events):
Event: 4.701 GC heap before
{Heap before GC invocations=1 (full 0):
 PSYoungGen      total 18944K, used 16384K [0x00000000eb500000, 0x00000000eca00000, 0x0000000100000000)
  eden space 16384K, 100% used [0x00000000eb500000,0x00000000ec500000,0x00000000ec500000)
  from space 2560K, 0% used [0x00000000ec780000,0x00000000ec780000,0x00000000eca00000)
  to   space 2560K, 0% used [0x00000000ec500000,0x00000000ec500000,0x00000000ec780000)
 ParOldGen       total 44032K, used 0K [0x00000000c1e00000, 0x00000000c4900000, 0x00000000eb500000)
  object space 44032K, 0% used [0x00000000c1e00000,0x00000000c1e00000,0x00000000c4900000)
 Metaspace       used 15535K, capacity 15758K, committed 15872K, reserved 1062912K
  class space    used 1960K, capacity 2035K, committed 2048K, reserved 1048576K
Event: 4.713 GC heap after
Heap after GC invocations=1 (full 0):
 PSYoungGen      total 18944K, used 2528K [0x00000000eb500000, 0x00000000eca00000, 0x0000000100000000)
  eden space 16384K, 0% used [0x00000000eb500000,0x00000000eb500000,0x00000000ec500000)
  from space 2560K, 98% used [0x00000000ec500000,0x00000000ec778020,0x00000000ec780000)
  to   space 2560K, 0% used [0x00000000ec780000,0x00000000ec780000,0x00000000eca00000)
 ParOldGen       total 44032K, used 3533K [0x00000000c1e00000, 0x00000000c4900000, 0x00000000eb500000)
  object space 44032K, 8% used [0x00000000c1e00000,0x00000000c2173538,0x00000000c4900000)
 Metaspace       used 15535K, capacity 15758K, committed 15872K, reserved 1062912K
  class space    used 1960K, capacity 2035K, committed 2048K, reserved 1048576K
}
Event: 57.516 GC heap before
{Heap before GC invocations=2 (full 0):
 PSYoungGen      total 18944K, used 18912K [0x00000000eb500000, 0x00000000eca00000, 0x0000000100000000)
  eden space 16384K, 100% used [0x00000000eb500000,0x00000000ec500000,0x00000000ec500000)
  from space 2560K, 98% used [0x00000000ec500000,0x00000000ec778020,0x00000000ec780000)
  to   space 2560K, 0% used [0x00000000ec780000,0x00000000ec780000,0x00000000eca00000)
 ParOldGen       total 44032K, used 3533K [0x00000000c1e00000, 0x00000000c4900000, 0x00000000eb500000)
  object space 44032K, 8% used [0x00000000c1e00000,0x00000000c2173538,0x00000000c4900000)
 Metaspace       used 16251K, capacity 16420K, committed 16640K, reserved 1064960K
  class space    used 1970K, capacity 2040K, committed 2048K, reserved 1048576K
Event: 57.522 GC heap after
Heap after GC invocations=2 (full 0):
 PSYoungGen      total 18944K, used 2528K [0x00000000eb500000, 0x00000000eca00000, 0x0000000100000000)
  eden space 16384K, 0% used [0x00000000eb500000,0x00000000eb500000,0x00000000ec500000)
  from space 2560K, 98% used [0x00000000ec780000,0x00000000ec9f80c0,0x00000000eca00000)
  to   space 2560K, 0% used [0x00000000ec500000,0x00000000ec500000,0x00000000ec780000)
 ParOldGen       total 44032K, used 4093K [0x00000000c1e00000, 0x00000000c4900000, 0x00000000eb500000)
  object space 44032K, 9% used [0x00000000c1e00000,0x00000000c21ff538,0x00000000c4900000)
 Metaspace       used 16251K, capacity 16420K, committed 16640K, reserved 1064960K
  class space    used 1970K, capacity 2040K, committed 2048K, reserved 1048576K
}

Deoptimization events (10 events):
Event: 0.714 Thread 0x0000000017bab800 Uncommon trap: reason=class_check action=maybe_recompile pc=0x0000000002dad620 method=java.lang.String.equals(Ljava/lang/Object;)Z @ 8
Event: 0.722 Thread 0x0000000017bab800 Uncommon trap: reason=class_check action=maybe_recompile pc=0x0000000002dad620 method=java.lang.String.equals(Ljava/lang/Object;)Z @ 8
Event: 0.722 Thread 0x0000000017bab800 Uncommon trap: reason=class_check action=maybe_recompile pc=0x0000000002dad620 method=java.lang.String.equals(Ljava/lang/Object;)Z @ 8
Event: 0.752 Thread 0x0000000017bab800 Uncommon trap: reason=class_check action=maybe_recompile pc=0x0000000002dad620 method=java.lang.String.equals(Ljava/lang/Object;)Z @ 8
Event: 0.966 Thread 0x0000000017bab800 Uncommon trap: reason=unstable_if action=reinterpret pc=0x0000000002e725e0 method=java.util.Properties.loadConvert([CII[C)Ljava/lang/String; @ 4
Event: 0.967 Thread 0x0000000017bab800 Uncommon trap: reason=unstable_if action=reinterpret pc=0x0000000002e75344 method=java.util.Properties$LineReader.readLine()I @ 252
Event: 0.984 Thread 0x0000000017bab800 Uncommon trap: reason=unstable_if action=reinterpret pc=0x0000000002ea848c method=java.util.Properties$LineReader.readLine()I @ 377
Event: 1.372 Thread 0x0000000017bab800 Uncommon trap: reason=unstable_if action=reinterpret pc=0x0000000002eff0fc method=java.awt.MultipleGradientPaintContext.indexIntoGradientsArrays(F)I @ 93
Event: 1.445 Thread 0x0000000017bab800 Uncommon trap: reason=unstable_if action=reinterpret pc=0x0000000002f28f0c method=java.awt.MultipleGradientPaintContext.indexIntoGradientsArrays(F)I @ 13
Event: 62.309 Thread 0x0000000017bab800 Uncommon trap: reason=unstable_if action=reinterpret pc=0x000000000323cc74 method=java.awt.EventQueue.getPriority(Ljava/awt/AWTEvent;)I @ 71

Classes redefined (0 events):
No events

Internal exceptions (10 events):
Event: 0.447 Thread 0x0000000000c7d800 Exception <a 'java/lang/ClassNotFoundException': ToolBar> (0x00000000eb8661f0) thrown at [C:\ade\jenkins\workspace\8-2-build-windows-amd64-cygwin\jdk8u241\331\hotspot\src\share\vm\classfile\systemDictionary.cpp, line 210]
Event: 0.447 Thread 0x0000000000c7d800 Exception <a 'java/lang/ClassNotFoundException': ToggleButton> (0x00000000eb8667a0) thrown at [C:\ade\jenkins\workspace\8-2-build-windows-amd64-cygwin\jdk8u241\331\hotspot\src\share\vm\classfile\systemDictionary.cpp, line 210]
Event: 0.447 Thread 0x0000000000c7d800 Exception <a 'java/lang/ClassNotFoundException': javax/swing/JToolBarSeparator> (0x00000000eb866c00) thrown at [C:\ade\jenkins\workspace\8-2-build-windows-amd64-cygwin\jdk8u241\331\hotspot\src\share\vm\classfile\systemDictionary.cpp, line 210]
Event: 0.448 Thread 0x0000000000c7d800 Exception <a 'java/lang/ClassNotFoundException': ToolBarSeparator> (0x00000000eb867098) thrown at [C:\ade\jenkins\workspace\8-2-build-windows-amd64-cygwin\jdk8u241\331\hotspot\src\share\vm\classfile\systemDictionary.cpp, line 210]
Event: 0.448 Thread 0x0000000000c7d800 Exception <a 'java/lang/ClassNotFoundException': ToolTip> (0x00000000eb8677d8) thrown at [C:\ade\jenkins\workspace\8-2-build-windows-amd64-cygwin\jdk8u241\331\hotspot\src\share\vm\classfile\systemDictionary.cpp, line 210]
Event: 0.449 Thread 0x0000000000c7d800 Exception <a 'java/lang/ClassNotFoundException': Tree> (0x00000000eb8683f8) thrown at [C:\ade\jenkins\workspace\8-2-build-windows-amd64-cygwin\jdk8u241\331\hotspot\src\share\vm\classfile\systemDictionary.cpp, line 210]
Event: 0.449 Thread 0x0000000000c7d800 Exception <a 'java/lang/ClassNotFoundException': Tree> (0x00000000eb868b38) thrown at [C:\ade\jenkins\workspace\8-2-build-windows-amd64-cygwin\jdk8u241\331\hotspot\src\share\vm\classfile\systemDictionary.cpp, line 210]
Event: 0.449 Thread 0x0000000000c7d800 Exception <a 'java/lang/ClassNotFoundException': javax/swing/JTreeCell> (0x00000000eb868eb8) thrown at [C:\ade\jenkins\workspace\8-2-build-windows-amd64-cygwin\jdk8u241\331\hotspot\src\share\vm\classfile\systemDictionary.cpp, line 210]
Event: 0.449 Thread 0x0000000000c7d800 Exception <a 'java/lang/ClassNotFoundException': TreeCell> (0x00000000eb869340) thrown at [C:\ade\jenkins\workspace\8-2-build-windows-amd64-cygwin\jdk8u241\331\hotspot\src\share\vm\classfile\systemDictionary.cpp, line 210]
Event: 0.450 Thread 0x0000000000c7d800 Exception <a 'java/lang/ClassNotFoundException': RootPane> (0x00000000eb869da0) thrown at [C:\ade\jenkins\workspace\8-2-build-windows-amd64-cygwin\jdk8u241\331\hotspot\src\share\vm\classfile\systemDictionary.cpp, line 210]

Events (10 events):
Event: 57.534 Thread 0x00000000151ea800 flushing nmethod 0x0000000002d20890
Event: 57.534 Thread 0x00000000151ea800 flushing nmethod 0x0000000002d229d0
Event: 57.534 Thread 0x00000000151ea800 flushing nmethod 0x0000000002d25550
Event: 57.535 Thread 0x00000000151ea800 flushing nmethod 0x0000000002d380d0
Event: 57.537 Thread 0x00000000151ea800 flushing nmethod 0x0000000002d87c50
Event: 60.840 loading class java/awt/LightweightDispatcher$2
Event: 60.842 loading class java/awt/LightweightDispatcher$2 done
Event: 62.309 Thread 0x0000000017bab800 Uncommon trap: trap_request=0xffffff65 fr.pc=0x000000000323cc74
Event: 62.309 Thread 0x0000000017bab800 DEOPT PACKING pc=0x000000000323cc74 sp=0x000000001845eac0
Event: 62.309 Thread 0x0000000017bab800 DEOPT UNPACKING pc=0x0000000002c5583b sp=0x000000001845e9b0 mode 2


Dynamic libraries:
0x00007ff789530000 - 0x00007ff789567000 	C:\Program Files\Java\jdk1.8.0_241\bin\java.exe
0x00007ff9e8180000 - 0x00007ff9e8370000 	C:\Windows\SYSTEM32\ntdll.dll
0x00007ff9e6cb0000 - 0x00007ff9e6d62000 	C:\Windows\System32\KERNEL32.DLL
0x00007ff9e5f80000 - 0x00007ff9e6223000 	C:\Windows\System32\KERNELBASE.dll
0x00007ff9e7ec0000 - 0x00007ff9e7f63000 	C:\Windows\System32\ADVAPI32.dll
0x00007ff9e6d80000 - 0x00007ff9e6e1e000 	C:\Windows\System32\msvcrt.dll
0x00007ff9e7e20000 - 0x00007ff9e7eb7000 	C:\Windows\System32\sechost.dll
0x00007ff9e7ca0000 - 0x00007ff9e7dc0000 	C:\Windows\System32\RPCRT4.dll
0x00007ff9e76c0000 - 0x00007ff9e7854000 	C:\Windows\System32\USER32.dll
0x00007ff9e5eb0000 - 0x00007ff9e5ed1000 	C:\Windows\System32\win32u.dll
0x00007ff9e7ae0000 - 0x00007ff9e7b06000 	C:\Windows\System32\GDI32.dll
0x00007ff9e52a0000 - 0x00007ff9e5434000 	C:\Windows\System32\gdi32full.dll
0x00007ff9e5ee0000 - 0x00007ff9e5f7e000 	C:\Windows\System32\msvcp_win.dll
0x00007ff9e5be0000 - 0x00007ff9e5cda000 	C:\Windows\System32\ucrtbase.dll
0x00007ff9d2580000 - 0x00007ff9d2805000 	C:\Windows\WinSxS\amd64_microsoft.windows.common-controls_6595b64144ccf1df_6.0.18362.720_none_e6beb5c51314836b\COMCTL32.dll
0x00007ff9e72d0000 - 0x00007ff9e7606000 	C:\Windows\System32\combase.dll
0x00007ff9e5110000 - 0x00007ff9e5190000 	C:\Windows\System32\bcryptPrimitives.dll
0x00007ff9e6980000 - 0x00007ff9e69ae000 	C:\Windows\System32\IMM32.DLL
0x0000000058d30000 - 0x0000000058e02000 	C:\Program Files\Java\jdk1.8.0_241\jre\bin\msvcr100.dll
0x0000000058e10000 - 0x00000000596bc000 	C:\Program Files\Java\jdk1.8.0_241\jre\bin\server\jvm.dll
0x00007ff9e6d70000 - 0x00007ff9e6d78000 	C:\Windows\System32\PSAPI.DLL
0x00007ff9e2850000 - 0x00007ff9e2874000 	C:\Windows\SYSTEM32\WINMM.dll
0x00007ff9db0c0000 - 0x00007ff9db0ca000 	C:\Windows\SYSTEM32\VERSION.dll
0x00007ff9c9a50000 - 0x00007ff9c9a59000 	C:\Windows\SYSTEM32\WSOCK32.dll
0x00007ff9e7860000 - 0x00007ff9e78cf000 	C:\Windows\System32\WS2_32.dll
0x00007ff9e27f0000 - 0x00007ff9e281d000 	C:\Windows\SYSTEM32\winmmbase.dll
0x00007ff9e5e60000 - 0x00007ff9e5eaa000 	C:\Windows\System32\cfgmgr32.dll
0x00007ff9d74f0000 - 0x00007ff9d74ff000 	C:\Program Files\Java\jdk1.8.0_241\jre\bin\verify.dll
0x00007ff9d74c0000 - 0x00007ff9d74e9000 	C:\Program Files\Java\jdk1.8.0_241\jre\bin\java.dll
0x00007ff9d74a0000 - 0x00007ff9d74b6000 	C:\Program Files\Java\jdk1.8.0_241\jre\bin\zip.dll
0x00007ff9e6230000 - 0x00007ff9e6915000 	C:\Windows\System32\SHELL32.dll
0x00007ff9e7610000 - 0x00007ff9e76b9000 	C:\Windows\System32\shcore.dll
0x00007ff9e5460000 - 0x00007ff9e5be0000 	C:\Windows\System32\windows.storage.dll
0x00007ff9e50e0000 - 0x00007ff9e5103000 	C:\Windows\System32\profapi.dll
0x00007ff9e5090000 - 0x00007ff9e50da000 	C:\Windows\System32\powrprof.dll
0x00007ff9e5040000 - 0x00007ff9e5050000 	C:\Windows\System32\UMPDC.dll
0x00007ff9e7dc0000 - 0x00007ff9e7e12000 	C:\Windows\System32\shlwapi.dll
0x00007ff9e5070000 - 0x00007ff9e5081000 	C:\Windows\System32\kernel.appcore.dll
0x00007ff9e5440000 - 0x00007ff9e5457000 	C:\Windows\System32\cryptsp.dll
0x00007ff9d2320000 - 0x00007ff9d24ba000 	C:\Program Files\Java\jdk1.8.0_241\jre\bin\awt.dll
0x00007ff9e78d0000 - 0x00007ff9e7994000 	C:\Windows\System32\OLEAUT32.dll
0x00007ff9e29a0000 - 0x00007ff9e2a2f000 	C:\Windows\SYSTEM32\apphelp.dll
0x00007ff9e3030000 - 0x00007ff9e30c9000 	C:\Windows\system32\uxtheme.dll
0x00007ff9e79a0000 - 0x00007ff9e7ad6000 	C:\Windows\System32\MSCTF.dll
0x00007ff9e7fe0000 - 0x00007ff9e8137000 	C:\Windows\System32\ole32.dll
0x00007ff9e3450000 - 0x00007ff9e347d000 	C:\Windows\system32\DWMAPI.DLL
0x00007ff9d22d0000 - 0x00007ff9d2319000 	C:\Program Files\Java\jdk1.8.0_241\jre\bin\fontmanager.dll
0x00007ff9bea30000 - 0x00007ff9beb86000 	C:\Windows\system32\opengl32.dll
0x00007ff9ddff0000 - 0x00007ff9de01c000 	C:\Windows\SYSTEM32\GLU32.dll
0x00007ff9e3cb0000 - 0x00007ff9e3cd0000 	C:\Windows\SYSTEM32\dxcore.dll
0x00007ff9e7b90000 - 0x00007ff9e7c32000 	C:\Windows\System32\clbcatq.dll
0x00007ff9df9e0000 - 0x00007ff9dfb8f000 	C:\Windows\SYSTEM32\WindowsCodecs.dll
0x00007ff9bc2f0000 - 0x00007ff9bc32a000 	C:\Windows\system32\dataexchange.dll
0x00007ff9e2070000 - 0x00007ff9e224b000 	C:\Windows\system32\dcomp.dll
0x00007ff9e1960000 - 0x00007ff9e1bbb000 	C:\Windows\system32\d3d11.dll
0x00007ff9e3d40000 - 0x00007ff9e3e2b000 	C:\Windows\system32\dxgi.dll
0x00007ff9e3120000 - 0x00007ff9e337a000 	C:\Windows\system32\twinapi.appcore.dll
0x00007ff9e3560000 - 0x00007ff9e3589000 	C:\Windows\system32\RMCLIENT.dll
0x00007ff9d7480000 - 0x00007ff9d749a000 	C:\Program Files\Java\jdk1.8.0_241\jre\bin\net.dll
0x00007ff9e48b0000 - 0x00007ff9e4917000 	C:\Windows\system32\mswsock.dll
0x00007ff9d71a0000 - 0x00007ff9d71b2000 	C:\Program Files\Java\jdk1.8.0_241\jre\bin\nio.dll
0x00007ff9d21f0000 - 0x00007ff9d2232000 	C:\Program Files\Java\jdk1.8.0_241\jre\bin\t2k.dll
0x00007ff9e4600000 - 0x00007ff9e46ca000 	C:\Windows\SYSTEM32\DNSAPI.dll
0x00007ff9e6e20000 - 0x00007ff9e6e28000 	C:\Windows\System32\NSI.dll
0x00007ff9e45c0000 - 0x00007ff9e45fa000 	C:\Windows\SYSTEM32\IPHLPAPI.DLL
0x00007ff9d1b80000 - 0x00007ff9d1b8a000 	C:\Windows\System32\rasadhlp.dll
0x00007ff9d7f00000 - 0x00007ff9d7f77000 	C:\Windows\System32\fwpuclnt.dll
0x00007ff9e5ce0000 - 0x00007ff9e5d06000 	C:\Windows\System32\bcrypt.dll
0x00007ff9d6dd0000 - 0x00007ff9d6e6e000 	C:\Windows\System32\TextInputFramework.dll
0x00007ff9e00d0000 - 0x00007ff9e03fa000 	C:\Windows\System32\CoreUIComponents.dll
0x00007ff9e2610000 - 0x00007ff9e26e4000 	C:\Windows\System32\CoreMessaging.dll
0x00007ff9e0c20000 - 0x00007ff9e0d73000 	C:\Windows\SYSTEM32\wintypes.dll
0x00007ff9e40a0000 - 0x00007ff9e40d1000 	C:\Windows\SYSTEM32\ntmarta.dll
0x00007ff9a68e0000 - 0x00007ff9a690a000 	C:\Program Files\Java\jdk1.8.0_241\jre\bin\dcpr.dll
0x00007ff9d5050000 - 0x00007ff9d52f6000 	C:\Windows\System32\iertutil.dll

VM Arguments:
jvm_args: -Dfile.encoding=UTF-8 
java_command: responsi.corona
java_class_path (initial): C:\Program Files\NetBeans 8.2\ide\modules\ext\mysql-connector-java-5.1.23-bin.jar;D:\KULIAH\SEMESTER 4\PBO\responsi\build\classes
Launcher Type: SUN_STANDARD

Environment Variables:
PATH=C:\Program Files (x86)\Common Files\Oracle\Java\javapath;C:\Windows\system32;C:\Windows;C:\Windows\System32\Wbem;C:\Windows\System32\WindowsPowerShell\v1.0\;C:\Windows\System32\OpenSSH\;C:\Program Files (x86)\NVIDIA Corporation\PhysX\Common;C:\Program Files\Intel\WiFi\bin\;C:\Program Files\Common Files\Intel\WirelessCommon\;C:\TDM-GCC-32\bin;C:\MATLAB\R2017a\runtime\win64;C:\MATLAB\R2017a\bin;C:\Users\ASUS\AppData\Local\Microsoft\WindowsApps;
USERNAME=ASUS
OS=Windows_NT
PROCESSOR_IDENTIFIER=Intel64 Family 6 Model 142 Stepping 9, GenuineIntel



---------------  S Y S T E M  ---------------

OS: Windows 10.0 , 64 bit Build 18362 (10.0.18362.329)

CPU:total 4 (initial active 4) (2 cores per cpu, 2 threads per core) family 6 model 142 stepping 9, cmov, cx8, fxsr, mmx, sse, sse2, sse3, ssse3, sse4.1, sse4.2, popcnt, avx, avx2, aes, clmul, erms, 3dnowpref, lzcnt, ht, tsc, tscinvbit, bmi1, bmi2, adx

Memory: 4k page, physical 4069692k(309124k free), swap 16652604k(0k free)

vm_info: Java HotSpot(TM) 64-Bit Server VM (25.241-b07) for windows-amd64 JRE (1.8.0_241-b07), built on Dec 11 2019 10:21:40 by "rejava" with MS VC++ 10.0 (VS2010)

time: Fri May 08 05:05:20 2020
timezone: SE Asia Standard Time
elapsed time: 317 seconds (0d 0h 5m 17s)

